# JRE version: OpenJDK Runtime Environment (8.0_144-b01) (build 1.8.0_144-b01)
# Java VM: OpenJDK 64-Bit Server VM (25.144-b01 mixed mode linux-amd64 compressed oops)
Heap:
 PSYoungGen      total 229376K, used 4049K [0x00000000dc580000, 0x00000000eaf80000, 0x0000000100000000)
  eden space 220160K, 0% used [0x00000000dc580000,0x00000000dc580000,0x00000000e9c80000)
  from space 9216K, 43% used [0x00000000e9c80000,0x00000000ea074620,0x00000000ea580000)
  to   space 8192K, 0% used [0x00000000ea580000,0x00000000ea580000,0x00000000ead80000)
 ParOldGen       total 48640K, used 9394K [0x0000000095000000, 0x0000000097f80000, 0x00000000dc580000)
  object space 48640K, 19% used [0x0000000095000000,0x000000009592c810,0x0000000097f80000)
 Metaspace       used 24709K, capacity 29734K, committed 29952K, reserved 1071104K
  class space    used 5916K, capacity 7635K, committed 7680K, reserved 1048576K
GC Heap History (10 events):
Event: 3.228 GC heap after
Heap after GC invocations=3 (full 0):
 PSYoungGen      total 59904K, used 4588K [0x00000000dc580000, 0x00000000e3a80000, 0x0000000100000000)
  eden space 55296K, 0% used [0x00000000dc580000,0x00000000dc580000,0x00000000dfb80000)
  from space 4608K, 99% used [0x00000000dfb80000,0x00000000dfffb130,0x00000000e0000000)
  to   space 4608K, 0% used [0x00000000e3600000,0x00000000e3600000,0x00000000e3a80000)
 ParOldGen       total 73728K, used 1119K [0x0000000095000000, 0x0000000099800000, 0x00000000dc580000)
  object space 73728K, 1% used [0x0000000095000000,0x0000000095117f80,0x0000000099800000)
 Metaspace       used 10478K, capacity 10736K, committed 10752K, reserved 1058816K
  class space    used 2004K, capacity 2042K, committed 2048K, reserved 1048576K
}
Event: 3.689 GC heap before
{Heap before GC invocations=4 (full 0):
 PSYoungGen      total 59904K, used 59884K [0x00000000dc580000, 0x00000000e3a80000, 0x0000000100000000)
  eden space 55296K, 100% used [0x00000000dc580000,0x00000000dfb80000,0x00000000dfb80000)
  from space 4608K, 99% used [0x00000000dfb80000,0x00000000dfffb130,0x00000000e0000000)
  to   space 4608K, 0% used [0x00000000e3600000,0x00000000e3600000,0x00000000e3a80000)
 ParOldGen       total 73728K, used 1119K [0x0000000095000000, 0x0000000099800000, 0x00000000dc580000)
  object space 73728K, 1% used [0x0000000095000000,0x0000000095117f80,0x0000000099800000)
 Metaspace       used 13038K, capacity 13438K, committed 13568K, reserved 1060864K
  class space    used 2582K, capacity 2712K, committed 2816K, reserved 1048576K
Event: 3.702 GC heap after
Heap after GC invocations=4 (full 0):
 PSYoungGen      total 115200K, used 4587K [0x00000000dc580000, 0x00000000e3a80000, 0x0000000100000000)
  eden space 110592K, 0% used [0x00000000dc580000,0x00000000dc580000,0x00000000e3180000)
  from space 4608K, 99% used [0x00000000e3600000,0x00000000e3a7ac68,0x00000000e3a80000)
  to   space 4608K, 0% used [0x00000000e3180000,0x00000000e3180000,0x00000000e3600000)
 ParOldGen       total 73728K, used 2567K [0x0000000095000000, 0x0000000099800000, 0x00000000dc580000)
  object space 73728K, 3% used [0x0000000095000000,0x0000000095281cc0,0x0000000099800000)
 Metaspace       used 13038K, capacity 13438K, committed 13568K, reserved 1060864K
  class space    used 2582K, capacity 2712K, committed 2816K, reserved 1048576K
}
Event: 4.774 GC heap before
{Heap before GC invocations=5 (full 0):
 PSYoungGen      total 115200K, used 115179K [0x00000000dc580000, 0x00000000e3a80000, 0x0000000100000000)
  eden space 110592K, 100% used [0x00000000dc580000,0x00000000e3180000,0x00000000e3180000)
  from space 4608K, 99% used [0x00000000e3600000,0x00000000e3a7ac68,0x00000000e3a80000)
  to   space 4608K, 0% used [0x00000000e3180000,0x00000000e3180000,0x00000000e3600000)
 ParOldGen       total 73728K, used 2567K [0x0000000095000000, 0x0000000099800000, 0x00000000dc580000)
  object space 73728K, 3% used [0x0000000095000000,0x0000000095281cc0,0x0000000099800000)
 Metaspace       used 16637K, capacity 18416K, committed 18560K, reserved 1062912K
  class space    used 3562K, capacity 4205K, committed 4224K, reserved 1048576K
Event: 4.791 GC heap after
Heap after GC invocations=5 (full 0):
 PSYoungGen      total 115200K, used 4587K [0x00000000dc580000, 0x00000000ead80000, 0x0000000100000000)
  eden space 110592K, 0% used [0x00000000dc580000,0x00000000dc580000,0x00000000e3180000)
  from space 4608K, 99% used [0x00000000e3180000,0x00000000e35fac48,0x00000000e3600000)
  to   space 8192K, 0% used [0x00000000ea580000,0x00000000ea580000,0x00000000ead80000)
 ParOldGen       total 73728K, used 4815K [0x0000000095000000, 0x0000000099800000, 0x00000000dc580000)
  object space 73728K, 6% used [0x0000000095000000,0x00000000954b3c78,0x0000000099800000)
 Metaspace       used 16637K, capacity 18416K, committed 18560K, reserved 1062912K
  class space    used 3562K, capacity 4205K, committed 4224K, reserved 1048576K
}
Event: 5.425 GC heap before
{Heap before GC invocations=6 (full 0):
 PSYoungGen      total 115200K, used 90190K [0x00000000dc580000, 0x00000000ead80000, 0x0000000100000000)
  eden space 110592K, 77% used [0x00000000dc580000,0x00000000e1918f58,0x00000000e3180000)
  from space 4608K, 99% used [0x00000000e3180000,0x00000000e35fac48,0x00000000e3600000)
  to   space 8192K, 0% used [0x00000000ea580000,0x00000000ea580000,0x00000000ead80000)
 ParOldGen       total 73728K, used 4815K [0x0000000095000000, 0x0000000099800000, 0x00000000dc580000)
  object space 73728K, 6% used [0x0000000095000000,0x00000000954b3c78,0x0000000099800000)
 Metaspace       used 19029K, capacity 21294K, committed 21296K, reserved 1064960K
  class space    used 4295K, capacity 5119K, committed 5120K, reserved 1048576K
Event: 5.458 GC heap after
Heap after GC invocations=6 (full 0):
 PSYoungGen      total 228352K, used 7389K [0x00000000dc580000, 0x00000000eaf80000, 0x0000000100000000)
  eden space 220160K, 0% used [0x00000000dc580000,0x00000000dc580000,0x00000000e9c80000)
  from space 8192K, 90% used [0x00000000ea580000,0x00000000eacb7450,0x00000000ead80000)
  to   space 9216K, 0% used [0x00000000e9c80000,0x00000000e9c80000,0x00000000ea580000)
 ParOldGen       total 73728K, used 4815K [0x0000000095000000, 0x0000000099800000, 0x00000000dc580000)
  object space 73728K, 6% used [0x0000000095000000,0x00000000954b3c78,0x0000000099800000)
 Metaspace       used 19029K, capacity 21294K, committed 21296K, reserved 1064960K
  class space    used 4295K, capacity 5119K, committed 5120K, reserved 1048576K
}
Event: 5.458 GC heap before
{Heap before GC invocations=7 (full 1):
 PSYoungGen      total 228352K, used 7389K [0x00000000dc580000, 0x00000000eaf80000, 0x0000000100000000)
  eden space 220160K, 0% used [0x00000000dc580000,0x00000000dc580000,0x00000000e9c80000)
  from space 8192K, 90% used [0x00000000ea580000,0x00000000eacb7450,0x00000000ead80000)
  to   space 9216K, 0% used [0x00000000e9c80000,0x00000000e9c80000,0x00000000ea580000)
 ParOldGen       total 73728K, used 4815K [0x0000000095000000, 0x0000000099800000, 0x00000000dc580000)
  object space 73728K, 6% used [0x0000000095000000,0x00000000954b3c78,0x0000000099800000)
 Metaspace       used 19029K, capacity 21294K, committed 21296K, reserved 1064960K
  class space    used 4295K, capacity 5119K, committed 5120K, reserved 1048576K
Event: 5.525 GC heap after
Heap after GC invocations=7 (full 1):
 PSYoungGen      total 228352K, used 0K [0x00000000dc580000, 0x00000000eaf80000, 0x0000000100000000)
  eden space 220160K, 0% used [0x00000000dc580000,0x00000000dc580000,0x00000000e9c80000)
  from space 8192K, 0% used [0x00000000ea580000,0x00000000ea580000,0x00000000ead80000)
  to   space 9216K, 0% used [0x00000000e9c80000,0x00000000e9c80000,0x00000000ea580000)
 ParOldGen       total 48640K, used 9386K [0x0000000095000000, 0x0000000097f80000, 0x00000000dc580000)
  object space 48640K, 19% used [0x0000000095000000,0x000000009592a810,0x0000000097f80000)
 Metaspace       used 19029K, capacity 21294K, committed 21296K, reserved 1064960K
  class space    used 4295K, capacity 5119K, committed 5120K, reserved 1048576K
}
Event: 7.304 GC heap before
{Heap before GC invocations=8 (full 1):
 PSYoungGen      total 228352K, used 220160K [0x00000000dc580000, 0x00000000eaf80000, 0x0000000100000000)
  eden space 220160K, 100% used [0x00000000dc580000,0x00000000e9c80000,0x00000000e9c80000)
  from space 8192K, 0% used [0x00000000ea580000,0x00000000ea580000,0x00000000ead80000)
  to   space 9216K, 0% used [0x00000000e9c80000,0x00000000e9c80000,0x00000000ea580000)
 ParOldGen       total 48640K, used 9386K [0x0000000095000000, 0x0000000097f80000, 0x00000000dc580000)
  object space 48640K, 19% used [0x0000000095000000,0x000000009592a810,0x0000000097f80000)
 Metaspace       used 24709K, capacity 29734K, committed 29952K, reserved 1071104K
  class space    used 5916K, capacity 7635K, committed 7680K, reserved 1048576K

