# JRE version: OpenJDK Runtime Environment (8.0_144-b01) (build 1.8.0_144-b01)
# Java VM: OpenJDK 64-Bit Server VM (25.144-b01 mixed mode linux-amd64 compressed oops)
Heap:
 PSYoungGen      total 116736K, used 6336K [0x00000000dc580000, 0x00000000e3f80000, 0x0000000100000000)
  eden space 109568K, 0% used [0x00000000dc580000,0x00000000dc580000,0x00000000e3080000)
  from space 7168K, 88% used [0x00000000e3080000,0x00000000e36b0040,0x00000000e3780000)
  to   space 6144K, 0% used [0x00000000e3780000,0x00000000e3780000,0x00000000e3d80000)
 ParOldGen       total 73728K, used 3372K [0x0000000095000000, 0x0000000099800000, 0x00000000dc580000)
  object space 73728K, 4% used [0x0000000095000000,0x000000009534b178,0x0000000099800000)
 Metaspace       used 18309K, capacity 20294K, committed 20480K, reserved 1064960K
  class space    used 4063K, capacity 4811K, committed 4864K, reserved 1048576K
GC Heap History (10 events):
Event: 2.293 GC heap after
Heap after GC invocations=2 (full 0):
 PSYoungGen      total 32256K, used 3021K [0x00000000dc580000, 0x00000000e0480000, 0x0000000100000000)
  eden space 27648K, 0% used [0x00000000dc580000,0x00000000dc580000,0x00000000de080000)
  from space 4608K, 65% used [0x00000000de500000,0x00000000de7f3628,0x00000000de980000)
  to   space 4608K, 0% used [0x00000000de080000,0x00000000de080000,0x00000000de500000)
 ParOldGen       total 73728K, used 16K [0x0000000095000000, 0x0000000099800000, 0x00000000dc580000)
  object space 73728K, 0% used [0x0000000095000000,0x0000000095004000,0x0000000099800000)
 Metaspace       used 7115K, capacity 7892K, committed 8192K, reserved 1056768K
  class space    used 1189K, capacity 1198K, committed 1280K, reserved 1048576K
}
Event: 2.757 GC heap before
{Heap before GC invocations=3 (full 0):
 PSYoungGen      total 32256K, used 30669K [0x00000000dc580000, 0x00000000e0480000, 0x0000000100000000)
  eden space 27648K, 100% used [0x00000000dc580000,0x00000000de080000,0x00000000de080000)
  from space 4608K, 65% used [0x00000000de500000,0x00000000de7f3628,0x00000000de980000)
  to   space 4608K, 0% used [0x00000000de080000,0x00000000de080000,0x00000000de500000)
 ParOldGen       total 73728K, used 16K [0x0000000095000000, 0x0000000099800000, 0x00000000dc580000)
  object space 73728K, 0% used [0x0000000095000000,0x0000000095004000,0x0000000099800000)
 Metaspace       used 8857K, capacity 9462K, committed 9728K, reserved 1056768K
  class space    used 1638K, capacity 1680K, committed 1792K, reserved 1048576K
Event: 2.768 GC heap after
Heap after GC invocations=3 (full 0):
 PSYoungGen      total 32256K, used 3898K [0x00000000dc580000, 0x00000000e0480000, 0x0000000100000000)
  eden space 27648K, 0% used [0x00000000dc580000,0x00000000dc580000,0x00000000de080000)
  from space 4608K, 84% used [0x00000000de080000,0x00000000de44ebd0,0x00000000de500000)
  to   space 4608K, 0% used [0x00000000e0000000,0x00000000e0000000,0x00000000e0480000)
 ParOldGen       total 73728K, used 24K [0x0000000095000000, 0x0000000099800000, 0x00000000dc580000)
  object space 73728K, 0% used [0x0000000095000000,0x0000000095006000,0x0000000099800000)
 Metaspace       used 8857K, capacity 9462K, committed 9728K, reserved 1056768K
  class space    used 1638K, capacity 1680K, committed 1792K, reserved 1048576K
}
Event: 4.636 GC heap before
{Heap before GC invocations=4 (full 0):
 PSYoungGen      total 32256K, used 31546K [0x00000000dc580000, 0x00000000e0480000, 0x0000000100000000)
  eden space 27648K, 100% used [0x00000000dc580000,0x00000000de080000,0x00000000de080000)
  from space 4608K, 84% used [0x00000000de080000,0x00000000de44ebd0,0x00000000de500000)
  to   space 4608K, 0% used [0x00000000e0000000,0x00000000e0000000,0x00000000e0480000)
 ParOldGen       total 73728K, used 24K [0x0000000095000000, 0x0000000099800000, 0x00000000dc580000)
  object space 73728K, 0% used [0x0000000095000000,0x0000000095006000,0x0000000099800000)
 Metaspace       used 10559K, capacity 10806K, committed 11008K, reserved 1058816K
  class space    used 2018K, capacity 2044K, committed 2048K, reserved 1048576K
Event: 4.644 GC heap after
Heap after GC invocations=4 (full 0):
 PSYoungGen      total 59904K, used 4446K [0x00000000dc580000, 0x00000000e0480000, 0x0000000100000000)
  eden space 55296K, 0% used [0x00000000dc580000,0x00000000dc580000,0x00000000dfb80000)
  from space 4608K, 96% used [0x00000000e0000000,0x00000000e0457980,0x00000000e0480000)
  to   space 4608K, 0% used [0x00000000dfb80000,0x00000000dfb80000,0x00000000e0000000)
 ParOldGen       total 73728K, used 32K [0x0000000095000000, 0x0000000099800000, 0x00000000dc580000)
  object space 73728K, 0% used [0x0000000095000000,0x0000000095008000,0x0000000099800000)
 Metaspace       used 10559K, capacity 10806K, committed 11008K, reserved 1058816K
  class space    used 2018K, capacity 2044K, committed 2048K, reserved 1048576K
}
Event: 5.286 GC heap before
{Heap before GC invocations=5 (full 0):
 PSYoungGen      total 59904K, used 59742K [0x00000000dc580000, 0x00000000e0480000, 0x0000000100000000)
  eden space 55296K, 100% used [0x00000000dc580000,0x00000000dfb80000,0x00000000dfb80000)
  from space 4608K, 96% used [0x00000000e0000000,0x00000000e0457980,0x00000000e0480000)
  to   space 4608K, 0% used [0x00000000dfb80000,0x00000000dfb80000,0x00000000e0000000)
 ParOldGen       total 73728K, used 32K [0x0000000095000000, 0x0000000099800000, 0x00000000dc580000)
  object space 73728K, 0% used [0x0000000095000000,0x0000000095008000,0x0000000099800000)
 Metaspace       used 13102K, capacity 13510K, committed 13824K, reserved 1060864K
  class space    used 2599K, capacity 2756K, committed 2816K, reserved 1048576K
Event: 5.301 GC heap after
Heap after GC invocations=5 (full 0):
 PSYoungGen      total 59904K, used 4600K [0x00000000dc580000, 0x00000000e3d80000, 0x0000000100000000)
  eden space 55296K, 0% used [0x00000000dc580000,0x00000000dc580000,0x00000000dfb80000)
  from space 4608K, 99% used [0x00000000dfb80000,0x00000000dfffe070,0x00000000e0000000)
  to   space 6144K, 0% used [0x00000000e3780000,0x00000000e3780000,0x00000000e3d80000)
 ParOldGen       total 73728K, used 1393K [0x0000000095000000, 0x0000000099800000, 0x00000000dc580000)
  object space 73728K, 1% used [0x0000000095000000,0x000000009515c510,0x0000000099800000)
 Metaspace       used 13102K, capacity 13510K, committed 13824K, reserved 1060864K
  class space    used 2599K, capacity 2756K, committed 2816K, reserved 1048576K
}
Event: 5.762 GC heap before
{Heap before GC invocations=6 (full 0):
 PSYoungGen      total 59904K, used 59896K [0x00000000dc580000, 0x00000000e3d80000, 0x0000000100000000)
  eden space 55296K, 100% used [0x00000000dc580000,0x00000000dfb80000,0x00000000dfb80000)
  from space 4608K, 99% used [0x00000000dfb80000,0x00000000dfffe070,0x00000000e0000000)
  to   space 6144K, 0% used [0x00000000e3780000,0x00000000e3780000,0x00000000e3d80000)
 ParOldGen       total 73728K, used 1393K [0x0000000095000000, 0x0000000099800000, 0x00000000dc580000)
  object space 73728K, 1% used [0x0000000095000000,0x000000009515c510,0x0000000099800000)
 Metaspace       used 15277K, capacity 16496K, committed 16640K, reserved 1062912K
  class space    used 3152K, capacity 3581K, committed 3584K, reserved 1048576K
Event: 5.772 GC heap after
Heap after GC invocations=6 (full 0):
 PSYoungGen      total 115712K, used 5915K [0x00000000dc580000, 0x00000000e3f80000, 0x0000000100000000)
  eden space 109568K, 0% used [0x00000000dc580000,0x00000000dc580000,0x00000000e3080000)
  from space 6144K, 96% used [0x00000000e3780000,0x00000000e3d46e90,0x00000000e3d80000)
  to   space 7168K, 0% used [0x00000000e3080000,0x00000000e3080000,0x00000000e3780000)
 ParOldGen       total 73728K, used 1401K [0x0000000095000000, 0x0000000099800000, 0x00000000dc580000)
  object space 73728K, 1% used [0x0000000095000000,0x000000009515e510,0x0000000099800000)
 Metaspace       used 15277K, capacity 16496K, committed 16640K, reserved 1062912K
  class space    used 3152K, capacity 3581K, committed 3584K, reserved 1048576K
}
Event: 6.906 GC heap before
{Heap before GC invocations=7 (full 0):
 PSYoungGen      total 115712K, used 115483K [0x00000000dc580000, 0x00000000e3f80000, 0x0000000100000000)
  eden space 109568K, 100% used [0x00000000dc580000,0x00000000e3080000,0x00000000e3080000)
  from space 6144K, 96% used [0x00000000e3780000,0x00000000e3d46e90,0x00000000e3d80000)
  to   space 7168K, 0% used [0x00000000e3080000,0x00000000e3080000,0x00000000e3780000)
 ParOldGen       total 73728K, used 1401K [0x0000000095000000, 0x0000000099800000, 0x00000000dc580000)
  object space 73728K, 1% used [0x0000000095000000,0x000000009515e510,0x0000000099800000)
 Metaspace       used 18309K, capacity 20294K, committed 20480K, reserved 1064960K
  class space    used 4063K, capacity 4811K, committed 4864K, reserved 1048576K

